<?xml version="1.0" encoding="UTF-8"?>
<testsuite xmlns:xsi="http://www.w3.org/2001/XMLSchema-instance" xsi:noNamespaceSchemaLocation="https://maven.apache.org/surefire/maven-surefire-plugin/xsd/surefire-test-report-3.0.xsd" version="3.0" name="com.tadigital.productintegration.ProductintegrationApplicationTests" time="3.558" tests="1" errors="0" skipped="0" failures="0">
  <properties>
    <property name="java.specification.version" value="17"/>
    <property name="sun.jnu.encoding" value="UTF-8"/>
    <property name="java.class.path" value="/Users/rohitsaxena/Downloads/productintegration/target/test-classes:/Users/rohitsaxena/Downloads/productintegration/target/classes:/Users/rohitsaxena/.m2/repository/org/springframework/boot/spring-boot-starter/3.1.5/spring-boot-starter-3.1.5.jar:/Users/rohitsaxena/.m2/repository/org/springframework/boot/spring-boot/3.1.5/spring-boot-3.1.5.jar:/Users/rohitsaxena/.m2/repository/org/springframework/spring-context/6.0.13/spring-context-6.0.13.jar:/Users/rohitsaxena/.m2/repository/org/springframework/boot/spring-boot-autoconfigure/3.1.5/spring-boot-autoconfigure-3.1.5.jar:/Users/rohitsaxena/.m2/repository/org/springframework/boot/spring-boot-starter-logging/3.1.5/spring-boot-starter-logging-3.1.5.jar:/Users/rohitsaxena/.m2/repository/ch/qos/logback/logback-classic/1.4.11/logback-classic-1.4.11.jar:/Users/rohitsaxena/.m2/repository/ch/qos/logback/logback-core/1.4.11/logback-core-1.4.11.jar:/Users/rohitsaxena/.m2/repository/org/apache/logging/log4j/log4j-to-slf4j/2.20.0/log4j-to-slf4j-2.20.0.jar:/Users/rohitsaxena/.m2/repository/org/apache/logging/log4j/log4j-api/2.20.0/log4j-api-2.20.0.jar:/Users/rohitsaxena/.m2/repository/org/slf4j/jul-to-slf4j/2.0.9/jul-to-slf4j-2.0.9.jar:/Users/rohitsaxena/.m2/repository/jakarta/annotation/jakarta.annotation-api/2.1.1/jakarta.annotation-api-2.1.1.jar:/Users/rohitsaxena/.m2/repository/org/springframework/spring-core/6.0.13/spring-core-6.0.13.jar:/Users/rohitsaxena/.m2/repository/org/springframework/spring-jcl/6.0.13/spring-jcl-6.0.13.jar:/Users/rohitsaxena/.m2/repository/org/yaml/snakeyaml/1.33/snakeyaml-1.33.jar:/Users/rohitsaxena/.m2/repository/org/springframework/boot/spring-boot-starter-test/3.1.5/spring-boot-starter-test-3.1.5.jar:/Users/rohitsaxena/.m2/repository/org/springframework/boot/spring-boot-test/3.1.5/spring-boot-test-3.1.5.jar:/Users/rohitsaxena/.m2/repository/org/springframework/boot/spring-boot-test-autoconfigure/3.1.5/spring-boot-test-autoconfigure-3.1.5.jar:/Users/rohitsaxena/.m2/repository/com/jayway/jsonpath/json-path/2.8.0/json-path-2.8.0.jar:/Users/rohitsaxena/.m2/repository/org/slf4j/slf4j-api/2.0.9/slf4j-api-2.0.9.jar:/Users/rohitsaxena/.m2/repository/jakarta/xml/bind/jakarta.xml.bind-api/4.0.1/jakarta.xml.bind-api-4.0.1.jar:/Users/rohitsaxena/.m2/repository/jakarta/activation/jakarta.activation-api/2.1.2/jakarta.activation-api-2.1.2.jar:/Users/rohitsaxena/.m2/repository/net/minidev/json-smart/2.4.11/json-smart-2.4.11.jar:/Users/rohitsaxena/.m2/repository/net/minidev/accessors-smart/2.4.11/accessors-smart-2.4.11.jar:/Users/rohitsaxena/.m2/repository/org/ow2/asm/asm/9.3/asm-9.3.jar:/Users/rohitsaxena/.m2/repository/org/assertj/assertj-core/3.24.2/assertj-core-3.24.2.jar:/Users/rohitsaxena/.m2/repository/net/bytebuddy/byte-buddy/1.14.9/byte-buddy-1.14.9.jar:/Users/rohitsaxena/.m2/repository/org/hamcrest/hamcrest/2.2/hamcrest-2.2.jar:/Users/rohitsaxena/.m2/repository/org/junit/jupiter/junit-jupiter/5.9.3/junit-jupiter-5.9.3.jar:/Users/rohitsaxena/.m2/repository/org/junit/jupiter/junit-jupiter-api/5.9.3/junit-jupiter-api-5.9.3.jar:/Users/rohitsaxena/.m2/repository/org/opentest4j/opentest4j/1.2.0/opentest4j-1.2.0.jar:/Users/rohitsaxena/.m2/repository/org/junit/platform/junit-platform-commons/1.9.3/junit-platform-commons-1.9.3.jar:/Users/rohitsaxena/.m2/repository/org/apiguardian/apiguardian-api/1.1.2/apiguardian-api-1.1.2.jar:/Users/rohitsaxena/.m2/repository/org/junit/jupiter/junit-jupiter-params/5.9.3/junit-jupiter-params-5.9.3.jar:/Users/rohitsaxena/.m2/repository/org/junit/jupiter/junit-jupiter-engine/5.9.3/junit-jupiter-engine-5.9.3.jar:/Users/rohitsaxena/.m2/repository/org/junit/platform/junit-platform-engine/1.9.3/junit-platform-engine-1.9.3.jar:/Users/rohitsaxena/.m2/repository/org/mockito/mockito-core/5.3.1/mockito-core-5.3.1.jar:/Users/rohitsaxena/.m2/repository/net/bytebuddy/byte-buddy-agent/1.14.9/byte-buddy-agent-1.14.9.jar:/Users/rohitsaxena/.m2/repository/org/objenesis/objenesis/3.3/objenesis-3.3.jar:/Users/rohitsaxena/.m2/repository/org/mockito/mockito-junit-jupiter/5.3.1/mockito-junit-jupiter-5.3.1.jar:/Users/rohitsaxena/.m2/repository/org/skyscreamer/jsonassert/1.5.1/jsonassert-1.5.1.jar:/Users/rohitsaxena/.m2/repository/com/vaadin/external/google/android-json/0.0.20131108.vaadin1/android-json-0.0.20131108.vaadin1.jar:/Users/rohitsaxena/.m2/repository/org/springframework/spring-test/6.0.13/spring-test-6.0.13.jar:/Users/rohitsaxena/.m2/repository/org/xmlunit/xmlunit-core/2.9.1/xmlunit-core-2.9.1.jar:/Users/rohitsaxena/.m2/repository/org/springframework/boot/spring-boot-starter-web/3.1.5/spring-boot-starter-web-3.1.5.jar:/Users/rohitsaxena/.m2/repository/org/springframework/boot/spring-boot-starter-json/3.1.5/spring-boot-starter-json-3.1.5.jar:/Users/rohitsaxena/.m2/repository/com/fasterxml/jackson/core/jackson-databind/2.15.3/jackson-databind-2.15.3.jar:/Users/rohitsaxena/.m2/repository/com/fasterxml/jackson/core/jackson-core/2.15.3/jackson-core-2.15.3.jar:/Users/rohitsaxena/.m2/repository/com/fasterxml/jackson/datatype/jackson-datatype-jdk8/2.15.3/jackson-datatype-jdk8-2.15.3.jar:/Users/rohitsaxena/.m2/repository/com/fasterxml/jackson/datatype/jackson-datatype-jsr310/2.15.3/jackson-datatype-jsr310-2.15.3.jar:/Users/rohitsaxena/.m2/repository/com/fasterxml/jackson/module/jackson-module-parameter-names/2.15.3/jackson-module-parameter-names-2.15.3.jar:/Users/rohitsaxena/.m2/repository/org/springframework/boot/spring-boot-starter-tomcat/3.1.5/spring-boot-starter-tomcat-3.1.5.jar:/Users/rohitsaxena/.m2/repository/org/apache/tomcat/embed/tomcat-embed-core/10.1.15/tomcat-embed-core-10.1.15.jar:/Users/rohitsaxena/.m2/repository/org/apache/tomcat/embed/tomcat-embed-el/10.1.15/tomcat-embed-el-10.1.15.jar:/Users/rohitsaxena/.m2/repository/org/apache/tomcat/embed/tomcat-embed-websocket/10.1.15/tomcat-embed-websocket-10.1.15.jar:/Users/rohitsaxena/.m2/repository/org/springframework/spring-web/6.0.13/spring-web-6.0.13.jar:/Users/rohitsaxena/.m2/repository/org/springframework/spring-beans/6.0.13/spring-beans-6.0.13.jar:/Users/rohitsaxena/.m2/repository/io/micrometer/micrometer-observation/1.11.5/micrometer-observation-1.11.5.jar:/Users/rohitsaxena/.m2/repository/io/micrometer/micrometer-commons/1.11.5/micrometer-commons-1.11.5.jar:/Users/rohitsaxena/.m2/repository/org/springframework/spring-webmvc/6.0.13/spring-webmvc-6.0.13.jar:/Users/rohitsaxena/.m2/repository/org/springframework/spring-aop/6.0.13/spring-aop-6.0.13.jar:/Users/rohitsaxena/.m2/repository/org/springframework/spring-expression/6.0.13/spring-expression-6.0.13.jar:/Users/rohitsaxena/.m2/repository/org/json/json/20230618/json-20230618.jar:/Users/rohitsaxena/.m2/repository/com/commercetools/commercetools-sync-java/10.0.0-beta.3/commercetools-sync-java-10.0.0-beta.3.jar:/Users/rohitsaxena/.m2/repository/com/commercetools/sdk/commercetools-sdk-compat-v1/14.7.0/commercetools-sdk-compat-v1-14.7.0.jar:/Users/rohitsaxena/.m2/repository/com/commercetools/sdk/rmf-java-base/14.7.0/rmf-java-base-14.7.0.jar:/Users/rohitsaxena/.m2/repository/dev/failsafe/failsafe/3.3.1/failsafe-3.3.1.jar:/Users/rohitsaxena/.m2/repository/com/spotify/completable-futures/0.3.5/completable-futures-0.3.5.jar:/Users/rohitsaxena/.m2/repository/com/fasterxml/jackson/core/jackson-annotations/2.15.3/jackson-annotations-2.15.3.jar:/Users/rohitsaxena/.m2/repository/org/apache/commons/commons-lang3/3.12.0/commons-lang3-3.12.0.jar:/Users/rohitsaxena/.m2/repository/com/commercetools/sdk/jvm/core/commercetools-java-client-core/2.14.0/commercetools-java-client-core-2.14.0.jar:/Users/rohitsaxena/.m2/repository/com/commercetools/sdk/jvm/core/commercetools-sdk-base/2.14.0/commercetools-sdk-base-2.14.0.jar:/Users/rohitsaxena/.m2/repository/com/commercetools/sdk/jvm/core/sdk-http/2.14.0/sdk-http-2.14.0.jar:/Users/rohitsaxena/.m2/repository/org/javamoney/moneta/moneta-convert/1.4.2/moneta-convert-1.4.2.jar:/Users/rohitsaxena/.m2/repository/org/javamoney/moneta/moneta-convert-imf/1.4.2/moneta-convert-imf-1.4.2.jar:/Users/rohitsaxena/.m2/repository/org/javamoney/moneta/moneta-convert-ecb/1.4.2/moneta-convert-ecb-1.4.2.jar:/Users/rohitsaxena/.m2/repository/org/apache/geronimo/specs/geronimo-annotation_1.2_spec/1.0/geronimo-annotation_1.2_spec-1.0.jar:/Users/rohitsaxena/.m2/repository/com/neovisionaries/nv-i18n/1.28/nv-i18n-1.28.jar:/Users/rohitsaxena/.m2/repository/com/fasterxml/jackson/dataformat/jackson-dataformat-cbor/2.15.3/jackson-dataformat-cbor-2.15.3.jar:/Users/rohitsaxena/.m2/repository/com/commercetools/sdk/jvm/core/commercetools-models/2.14.0/commercetools-models-2.14.0.jar:/Users/rohitsaxena/.m2/repository/com/google/code/findbugs/jsr305/3.0.2/jsr305-3.0.2.jar:/Users/rohitsaxena/.m2/repository/javax/validation/validation-api/2.0.1.Final/validation-api-2.0.1.Final.jar:/Users/rohitsaxena/.m2/repository/com/commercetools/sdk/commercetools-apachehttp-client/14.7.0/commercetools-apachehttp-client-14.7.0.jar:/Users/rohitsaxena/.m2/repository/org/apache/httpcomponents/client5/httpclient5/5.2.1/httpclient5-5.2.1.jar:/Users/rohitsaxena/.m2/repository/org/apache/httpcomponents/core5/httpcore5/5.2.3/httpcore5-5.2.3.jar:/Users/rohitsaxena/.m2/repository/org/apache/httpcomponents/core5/httpcore5-h2/5.2.3/httpcore5-h2-5.2.3.jar:/Users/rohitsaxena/.m2/repository/commons-io/commons-io/2.15.1/commons-io-2.15.1.jar:/Users/rohitsaxena/.m2/repository/com/commercetools/sdk/commercetools-http-client/10.1.0/commercetools-http-client-10.1.0.jar:/Users/rohitsaxena/.m2/repository/com/commercetools/sdk/commercetools-okhttp-client4/10.1.0/commercetools-okhttp-client4-10.1.0.jar:/Users/rohitsaxena/.m2/repository/com/squareup/okhttp3/okhttp/4.10.0/okhttp-4.10.0.jar:/Users/rohitsaxena/.m2/repository/com/squareup/okio/okio-jvm/3.0.0/okio-jvm-3.0.0.jar:/Users/rohitsaxena/.m2/repository/org/jetbrains/kotlin/kotlin-stdlib-jdk8/1.8.22/kotlin-stdlib-jdk8-1.8.22.jar:/Users/rohitsaxena/.m2/repository/org/jetbrains/kotlin/kotlin-stdlib-jdk7/1.8.22/kotlin-stdlib-jdk7-1.8.22.jar:/Users/rohitsaxena/.m2/repository/org/jetbrains/kotlin/kotlin-stdlib-common/1.8.22/kotlin-stdlib-common-1.8.22.jar:/Users/rohitsaxena/.m2/repository/org/jetbrains/kotlin/kotlin-stdlib/1.8.22/kotlin-stdlib-1.8.22.jar:/Users/rohitsaxena/.m2/repository/org/jetbrains/annotations/13.0/annotations-13.0.jar:/Users/rohitsaxena/.m2/repository/com/squareup/okio/okio/3.2.0/okio-3.2.0.jar:/Users/rohitsaxena/.m2/repository/com/commercetools/sdk/commercetools-sdk-java-api/10.1.0/commercetools-sdk-java-api-10.1.0.jar:/Users/rohitsaxena/.m2/repository/com/commercetools/sdk/commercetools-money/10.1.0/commercetools-money-10.1.0.jar:/Users/rohitsaxena/.m2/repository/javax/money/money-api/1.1/money-api-1.1.jar:/Users/rohitsaxena/.m2/repository/org/javamoney/moneta/moneta-core/1.4.2/moneta-core-1.4.2.jar:/Users/rohitsaxena/.m2/repository/javax/annotation/javax.annotation-api/1.3.2/javax.annotation-api-1.3.2.jar:/Users/rohitsaxena/.m2/repository/com/github/ben-manes/caffeine/caffeine/3.1.8/caffeine-3.1.8.jar:/Users/rohitsaxena/.m2/repository/org/checkerframework/checker-qual/3.37.0/checker-qual-3.37.0.jar:/Users/rohitsaxena/.m2/repository/com/google/errorprone/error_prone_annotations/2.21.1/error_prone_annotations-2.21.1.jar:/Users/rohitsaxena/.m2/repository/org/apache/commons/commons-text/1.9/commons-text-1.9.jar:"/>
    <property name="java.vm.vendor" value="Oracle Corporation"/>
    <property name="sun.arch.data.model" value="64"/>
    <property name="java.vendor.url" value="https://java.oracle.com/"/>
    <property name="user.timezone" value="Asia/Kolkata"/>
    <property name="os.name" value="Mac OS X"/>
    <property name="java.vm.specification.version" value="17"/>
    <property name="sun.java.launcher" value="SUN_STANDARD"/>
    <property name="user.country" value="IN"/>
    <property name="sun.boot.library.path" value="/Users/rohitsaxena/Library/Java/JavaVirtualMachines/openjdk-17.0.1/Contents/Home/lib"/>
    <property name="sun.java.command" value="/Users/rohitsaxena/Downloads/productintegration/target/surefire/surefirebooter-20231218122452882_3.jar /Users/rohitsaxena/Downloads/productintegration/target/surefire 2023-12-18T12-24-52_769-jvmRun1 surefire-20231218122452882_1tmp surefire_0-20231218122452882_2tmp"/>
    <property name="http.nonProxyHosts" value="local|*.local|169.254/16|*.169.254/16"/>
    <property name="jdk.debug" value="release"/>
    <property name="surefire.test.class.path" value="/Users/rohitsaxena/Downloads/productintegration/target/test-classes:/Users/rohitsaxena/Downloads/productintegration/target/classes:/Users/rohitsaxena/.m2/repository/org/springframework/boot/spring-boot-starter/3.1.5/spring-boot-starter-3.1.5.jar:/Users/rohitsaxena/.m2/repository/org/springframework/boot/spring-boot/3.1.5/spring-boot-3.1.5.jar:/Users/rohitsaxena/.m2/repository/org/springframework/spring-context/6.0.13/spring-context-6.0.13.jar:/Users/rohitsaxena/.m2/repository/org/springframework/boot/spring-boot-autoconfigure/3.1.5/spring-boot-autoconfigure-3.1.5.jar:/Users/rohitsaxena/.m2/repository/org/springframework/boot/spring-boot-starter-logging/3.1.5/spring-boot-starter-logging-3.1.5.jar:/Users/rohitsaxena/.m2/repository/ch/qos/logback/logback-classic/1.4.11/logback-classic-1.4.11.jar:/Users/rohitsaxena/.m2/repository/ch/qos/logback/logback-core/1.4.11/logback-core-1.4.11.jar:/Users/rohitsaxena/.m2/repository/org/apache/logging/log4j/log4j-to-slf4j/2.20.0/log4j-to-slf4j-2.20.0.jar:/Users/rohitsaxena/.m2/repository/org/apache/logging/log4j/log4j-api/2.20.0/log4j-api-2.20.0.jar:/Users/rohitsaxena/.m2/repository/org/slf4j/jul-to-slf4j/2.0.9/jul-to-slf4j-2.0.9.jar:/Users/rohitsaxena/.m2/repository/jakarta/annotation/jakarta.annotation-api/2.1.1/jakarta.annotation-api-2.1.1.jar:/Users/rohitsaxena/.m2/repository/org/springframework/spring-core/6.0.13/spring-core-6.0.13.jar:/Users/rohitsaxena/.m2/repository/org/springframework/spring-jcl/6.0.13/spring-jcl-6.0.13.jar:/Users/rohitsaxena/.m2/repository/org/yaml/snakeyaml/1.33/snakeyaml-1.33.jar:/Users/rohitsaxena/.m2/repository/org/springframework/boot/spring-boot-starter-test/3.1.5/spring-boot-starter-test-3.1.5.jar:/Users/rohitsaxena/.m2/repository/org/springframework/boot/spring-boot-test/3.1.5/spring-boot-test-3.1.5.jar:/Users/rohitsaxena/.m2/repository/org/springframework/boot/spring-boot-test-autoconfigure/3.1.5/spring-boot-test-autoconfigure-3.1.5.jar:/Users/rohitsaxena/.m2/repository/com/jayway/jsonpath/json-path/2.8.0/json-path-2.8.0.jar:/Users/rohitsaxena/.m2/repository/org/slf4j/slf4j-api/2.0.9/slf4j-api-2.0.9.jar:/Users/rohitsaxena/.m2/repository/jakarta/xml/bind/jakarta.xml.bind-api/4.0.1/jakarta.xml.bind-api-4.0.1.jar:/Users/rohitsaxena/.m2/repository/jakarta/activation/jakarta.activation-api/2.1.2/jakarta.activation-api-2.1.2.jar:/Users/rohitsaxena/.m2/repository/net/minidev/json-smart/2.4.11/json-smart-2.4.11.jar:/Users/rohitsaxena/.m2/repository/net/minidev/accessors-smart/2.4.11/accessors-smart-2.4.11.jar:/Users/rohitsaxena/.m2/repository/org/ow2/asm/asm/9.3/asm-9.3.jar:/Users/rohitsaxena/.m2/repository/org/assertj/assertj-core/3.24.2/assertj-core-3.24.2.jar:/Users/rohitsaxena/.m2/repository/net/bytebuddy/byte-buddy/1.14.9/byte-buddy-1.14.9.jar:/Users/rohitsaxena/.m2/repository/org/hamcrest/hamcrest/2.2/hamcrest-2.2.jar:/Users/rohitsaxena/.m2/repository/org/junit/jupiter/junit-jupiter/5.9.3/junit-jupiter-5.9.3.jar:/Users/rohitsaxena/.m2/repository/org/junit/jupiter/junit-jupiter-api/5.9.3/junit-jupiter-api-5.9.3.jar:/Users/rohitsaxena/.m2/repository/org/opentest4j/opentest4j/1.2.0/opentest4j-1.2.0.jar:/Users/rohitsaxena/.m2/repository/org/junit/platform/junit-platform-commons/1.9.3/junit-platform-commons-1.9.3.jar:/Users/rohitsaxena/.m2/repository/org/apiguardian/apiguardian-api/1.1.2/apiguardian-api-1.1.2.jar:/Users/rohitsaxena/.m2/repository/org/junit/jupiter/junit-jupiter-params/5.9.3/junit-jupiter-params-5.9.3.jar:/Users/rohitsaxena/.m2/repository/org/junit/jupiter/junit-jupiter-engine/5.9.3/junit-jupiter-engine-5.9.3.jar:/Users/rohitsaxena/.m2/repository/org/junit/platform/junit-platform-engine/1.9.3/junit-platform-engine-1.9.3.jar:/Users/rohitsaxena/.m2/repository/org/mockito/mockito-core/5.3.1/mockito-core-5.3.1.jar:/Users/rohitsaxena/.m2/repository/net/bytebuddy/byte-buddy-agent/1.14.9/byte-buddy-agent-1.14.9.jar:/Users/rohitsaxena/.m2/repository/org/objenesis/objenesis/3.3/objenesis-3.3.jar:/Users/rohitsaxena/.m2/repository/org/mockito/mockito-junit-jupiter/5.3.1/mockito-junit-jupiter-5.3.1.jar:/Users/rohitsaxena/.m2/repository/org/skyscreamer/jsonassert/1.5.1/jsonassert-1.5.1.jar:/Users/rohitsaxena/.m2/repository/com/vaadin/external/google/android-json/0.0.20131108.vaadin1/android-json-0.0.20131108.vaadin1.jar:/Users/rohitsaxena/.m2/repository/org/springframework/spring-test/6.0.13/spring-test-6.0.13.jar:/Users/rohitsaxena/.m2/repository/org/xmlunit/xmlunit-core/2.9.1/xmlunit-core-2.9.1.jar:/Users/rohitsaxena/.m2/repository/org/springframework/boot/spring-boot-starter-web/3.1.5/spring-boot-starter-web-3.1.5.jar:/Users/rohitsaxena/.m2/repository/org/springframework/boot/spring-boot-starter-json/3.1.5/spring-boot-starter-json-3.1.5.jar:/Users/rohitsaxena/.m2/repository/com/fasterxml/jackson/core/jackson-databind/2.15.3/jackson-databind-2.15.3.jar:/Users/rohitsaxena/.m2/repository/com/fasterxml/jackson/core/jackson-core/2.15.3/jackson-core-2.15.3.jar:/Users/rohitsaxena/.m2/repository/com/fasterxml/jackson/datatype/jackson-datatype-jdk8/2.15.3/jackson-datatype-jdk8-2.15.3.jar:/Users/rohitsaxena/.m2/repository/com/fasterxml/jackson/datatype/jackson-datatype-jsr310/2.15.3/jackson-datatype-jsr310-2.15.3.jar:/Users/rohitsaxena/.m2/repository/com/fasterxml/jackson/module/jackson-module-parameter-names/2.15.3/jackson-module-parameter-names-2.15.3.jar:/Users/rohitsaxena/.m2/repository/org/springframework/boot/spring-boot-starter-tomcat/3.1.5/spring-boot-starter-tomcat-3.1.5.jar:/Users/rohitsaxena/.m2/repository/org/apache/tomcat/embed/tomcat-embed-core/10.1.15/tomcat-embed-core-10.1.15.jar:/Users/rohitsaxena/.m2/repository/org/apache/tomcat/embed/tomcat-embed-el/10.1.15/tomcat-embed-el-10.1.15.jar:/Users/rohitsaxena/.m2/repository/org/apache/tomcat/embed/tomcat-embed-websocket/10.1.15/tomcat-embed-websocket-10.1.15.jar:/Users/rohitsaxena/.m2/repository/org/springframework/spring-web/6.0.13/spring-web-6.0.13.jar:/Users/rohitsaxena/.m2/repository/org/springframework/spring-beans/6.0.13/spring-beans-6.0.13.jar:/Users/rohitsaxena/.m2/repository/io/micrometer/micrometer-observation/1.11.5/micrometer-observation-1.11.5.jar:/Users/rohitsaxena/.m2/repository/io/micrometer/micrometer-commons/1.11.5/micrometer-commons-1.11.5.jar:/Users/rohitsaxena/.m2/repository/org/springframework/spring-webmvc/6.0.13/spring-webmvc-6.0.13.jar:/Users/rohitsaxena/.m2/repository/org/springframework/spring-aop/6.0.13/spring-aop-6.0.13.jar:/Users/rohitsaxena/.m2/repository/org/springframework/spring-expression/6.0.13/spring-expression-6.0.13.jar:/Users/rohitsaxena/.m2/repository/org/json/json/20230618/json-20230618.jar:/Users/rohitsaxena/.m2/repository/com/commercetools/commercetools-sync-java/10.0.0-beta.3/commercetools-sync-java-10.0.0-beta.3.jar:/Users/rohitsaxena/.m2/repository/com/commercetools/sdk/commercetools-sdk-compat-v1/14.7.0/commercetools-sdk-compat-v1-14.7.0.jar:/Users/rohitsaxena/.m2/repository/com/commercetools/sdk/rmf-java-base/14.7.0/rmf-java-base-14.7.0.jar:/Users/rohitsaxena/.m2/repository/dev/failsafe/failsafe/3.3.1/failsafe-3.3.1.jar:/Users/rohitsaxena/.m2/repository/com/spotify/completable-futures/0.3.5/completable-futures-0.3.5.jar:/Users/rohitsaxena/.m2/repository/com/fasterxml/jackson/core/jackson-annotations/2.15.3/jackson-annotations-2.15.3.jar:/Users/rohitsaxena/.m2/repository/org/apache/commons/commons-lang3/3.12.0/commons-lang3-3.12.0.jar:/Users/rohitsaxena/.m2/repository/com/commercetools/sdk/jvm/core/commercetools-java-client-core/2.14.0/commercetools-java-client-core-2.14.0.jar:/Users/rohitsaxena/.m2/repository/com/commercetools/sdk/jvm/core/commercetools-sdk-base/2.14.0/commercetools-sdk-base-2.14.0.jar:/Users/rohitsaxena/.m2/repository/com/commercetools/sdk/jvm/core/sdk-http/2.14.0/sdk-http-2.14.0.jar:/Users/rohitsaxena/.m2/repository/org/javamoney/moneta/moneta-convert/1.4.2/moneta-convert-1.4.2.jar:/Users/rohitsaxena/.m2/repository/org/javamoney/moneta/moneta-convert-imf/1.4.2/moneta-convert-imf-1.4.2.jar:/Users/rohitsaxena/.m2/repository/org/javamoney/moneta/moneta-convert-ecb/1.4.2/moneta-convert-ecb-1.4.2.jar:/Users/rohitsaxena/.m2/repository/org/apache/geronimo/specs/geronimo-annotation_1.2_spec/1.0/geronimo-annotation_1.2_spec-1.0.jar:/Users/rohitsaxena/.m2/repository/com/neovisionaries/nv-i18n/1.28/nv-i18n-1.28.jar:/Users/rohitsaxena/.m2/repository/com/fasterxml/jackson/dataformat/jackson-dataformat-cbor/2.15.3/jackson-dataformat-cbor-2.15.3.jar:/Users/rohitsaxena/.m2/repository/com/commercetools/sdk/jvm/core/commercetools-models/2.14.0/commercetools-models-2.14.0.jar:/Users/rohitsaxena/.m2/repository/com/google/code/findbugs/jsr305/3.0.2/jsr305-3.0.2.jar:/Users/rohitsaxena/.m2/repository/javax/validation/validation-api/2.0.1.Final/validation-api-2.0.1.Final.jar:/Users/rohitsaxena/.m2/repository/com/commercetools/sdk/commercetools-apachehttp-client/14.7.0/commercetools-apachehttp-client-14.7.0.jar:/Users/rohitsaxena/.m2/repository/org/apache/httpcomponents/client5/httpclient5/5.2.1/httpclient5-5.2.1.jar:/Users/rohitsaxena/.m2/repository/org/apache/httpcomponents/core5/httpcore5/5.2.3/httpcore5-5.2.3.jar:/Users/rohitsaxena/.m2/repository/org/apache/httpcomponents/core5/httpcore5-h2/5.2.3/httpcore5-h2-5.2.3.jar:/Users/rohitsaxena/.m2/repository/commons-io/commons-io/2.15.1/commons-io-2.15.1.jar:/Users/rohitsaxena/.m2/repository/com/commercetools/sdk/commercetools-http-client/10.1.0/commercetools-http-client-10.1.0.jar:/Users/rohitsaxena/.m2/repository/com/commercetools/sdk/commercetools-okhttp-client4/10.1.0/commercetools-okhttp-client4-10.1.0.jar:/Users/rohitsaxena/.m2/repository/com/squareup/okhttp3/okhttp/4.10.0/okhttp-4.10.0.jar:/Users/rohitsaxena/.m2/repository/com/squareup/okio/okio-jvm/3.0.0/okio-jvm-3.0.0.jar:/Users/rohitsaxena/.m2/repository/org/jetbrains/kotlin/kotlin-stdlib-jdk8/1.8.22/kotlin-stdlib-jdk8-1.8.22.jar:/Users/rohitsaxena/.m2/repository/org/jetbrains/kotlin/kotlin-stdlib-jdk7/1.8.22/kotlin-stdlib-jdk7-1.8.22.jar:/Users/rohitsaxena/.m2/repository/org/jetbrains/kotlin/kotlin-stdlib-common/1.8.22/kotlin-stdlib-common-1.8.22.jar:/Users/rohitsaxena/.m2/repository/org/jetbrains/kotlin/kotlin-stdlib/1.8.22/kotlin-stdlib-1.8.22.jar:/Users/rohitsaxena/.m2/repository/org/jetbrains/annotations/13.0/annotations-13.0.jar:/Users/rohitsaxena/.m2/repository/com/squareup/okio/okio/3.2.0/okio-3.2.0.jar:/Users/rohitsaxena/.m2/repository/com/commercetools/sdk/commercetools-sdk-java-api/10.1.0/commercetools-sdk-java-api-10.1.0.jar:/Users/rohitsaxena/.m2/repository/com/commercetools/sdk/commercetools-money/10.1.0/commercetools-money-10.1.0.jar:/Users/rohitsaxena/.m2/repository/javax/money/money-api/1.1/money-api-1.1.jar:/Users/rohitsaxena/.m2/repository/org/javamoney/moneta/moneta-core/1.4.2/moneta-core-1.4.2.jar:/Users/rohitsaxena/.m2/repository/javax/annotation/javax.annotation-api/1.3.2/javax.annotation-api-1.3.2.jar:/Users/rohitsaxena/.m2/repository/com/github/ben-manes/caffeine/caffeine/3.1.8/caffeine-3.1.8.jar:/Users/rohitsaxena/.m2/repository/org/checkerframework/checker-qual/3.37.0/checker-qual-3.37.0.jar:/Users/rohitsaxena/.m2/repository/com/google/errorprone/error_prone_annotations/2.21.1/error_prone_annotations-2.21.1.jar:/Users/rohitsaxena/.m2/repository/org/apache/commons/commons-text/1.9/commons-text-1.9.jar:"/>
    <property name="sun.cpu.endian" value="little"/>
    <property name="user.home" value="/Users/rohitsaxena"/>
    <property name="user.language" value="en"/>
    <property name="java.specification.vendor" value="Oracle Corporation"/>
    <property name="java.version.date" value="2021-10-19"/>
    <property name="java.home" value="/Users/rohitsaxena/Library/Java/JavaVirtualMachines/openjdk-17.0.1/Contents/Home"/>
    <property name="file.separator" value="/"/>
    <property name="basedir" value="/Users/rohitsaxena/Downloads/productintegration"/>
    <property name="java.vm.compressedOopsMode" value="Zero based"/>
    <property name="line.separator" value="&#10;"/>
    <property name="java.vm.specification.vendor" value="Oracle Corporation"/>
    <property name="java.specification.name" value="Java Platform API Specification"/>
    <property name="FILE_LOG_CHARSET" value="US-ASCII"/>
    <property name="java.awt.headless" value="true"/>
    <property name="surefire.real.class.path" value="/Users/rohitsaxena/Downloads/productintegration/target/surefire/surefirebooter-20231218122452882_3.jar"/>
    <property name="sun.management.compiler" value="HotSpot 64-Bit Tiered Compilers"/>
    <property name="ftp.nonProxyHosts" value="local|*.local|169.254/16|*.169.254/16"/>
    <property name="java.runtime.version" value="17.0.1+12-39"/>
    <property name="user.name" value="rohitsaxena"/>
    <property name="path.separator" value=":"/>
    <property name="os.version" value="14.0"/>
    <property name="java.runtime.name" value="OpenJDK Runtime Environment"/>
    <property name="file.encoding" value="US-ASCII"/>
    <property name="java.vm.name" value="OpenJDK 64-Bit Server VM"/>
    <property name="localRepository" value="/Users/rohitsaxena/.m2/repository"/>
    <property name="java.vendor.url.bug" value="https://bugreport.java.com/bugreport/"/>
    <property name="java.io.tmpdir" value="/var/folders/x9/dmlb6vf9513g0qh_8lxf93v80000gp/T/"/>
    <property name="idea.version" value="2023.3.1"/>
    <property name="java.version" value="17.0.1"/>
    <property name="user.dir" value="/Users/rohitsaxena/Downloads/productintegration"/>
    <property name="os.arch" value="x86_64"/>
    <property name="java.vm.specification.name" value="Java Virtual Machine Specification"/>
    <property name="PID" value="56223"/>
    <property name="CONSOLE_LOG_CHARSET" value="US-ASCII"/>
    <property name="native.encoding" value="US-ASCII"/>
    <property name="java.library.path" value="/Users/rohitsaxena/Library/Java/Extensions:/Library/Java/Extensions:/Network/Library/Java/Extensions:/System/Library/Java/Extensions:/usr/lib/java:."/>
    <property name="java.vm.info" value="mixed mode, sharing"/>
    <property name="java.vendor" value="Oracle Corporation"/>
    <property name="java.vm.version" value="17.0.1+12-39"/>
    <property name="sun.io.unicode.encoding" value="UnicodeBig"/>
    <property name="socksNonProxyHosts" value="local|*.local|169.254/16|*.169.254/16"/>
    <property name="java.class.version" value="61.0"/>
  </properties>
  <testcase name="contextLoads" classname="com.tadigital.productintegration.ProductintegrationApplicationTests" time="0.906">
    <system-out><![CDATA[12:24:54.014 [main] INFO org.springframework.test.context.support.AnnotationConfigContextLoaderUtils -- Could not detect default configuration classes for test class [com.tadigital.productintegration.ProductintegrationApplicationTests]: ProductintegrationApplicationTests does not declare any static, non-private, non-final, nested classes annotated with @Configuration.
12:24:54.185 [main] INFO org.springframework.boot.test.context.SpringBootTestContextBootstrapper -- Found @SpringBootConfiguration com.tadigital.productintegration.ProductintegrationApplication for test class com.tadigital.productintegration.ProductintegrationApplicationTests

  .   ____          _            __ _ _
 /\\ / ___'_ __ _ _(_)_ __  __ _ \ \ \ \
( ( )\___ | '_ | '_| | '_ \/ _` | \ \ \ \
 \\/  ___)| |_)| | | | | || (_| |  ) ) ) )
  '  |____| .__|_| |_|_| |_\__, | / / / /
 =========|_|==============|___/=/_/_/_/
 :: Spring Boot ::                (v3.1.5)

2023-12-18T12:24:54.782+05:30  WARN 56223 --- [           main] ory$DuplicateJsonObjectContextCustomizer : 

Found multiple occurrences of org.json.JSONObject on the class path:

	jar:file:/Users/rohitsaxena/.m2/repository/com/vaadin/external/google/android-json/0.0.20131108.vaadin1/android-json-0.0.20131108.vaadin1.jar!/org/json/JSONObject.class
	jar:file:/Users/rohitsaxena/.m2/repository/org/json/json/20230618/json-20230618.jar!/org/json/JSONObject.class

You may wish to exclude one of them to ensure predictable runtime behavior

2023-12-18T12:24:54.802+05:30  INFO 56223 --- [           main] c.t.p.ProductintegrationApplicationTests : Starting ProductintegrationApplicationTests using Java 17.0.1 with PID 56223 (started by rohitsaxena in /Users/rohitsaxena/Downloads/productintegration)
2023-12-18T12:24:54.803+05:30  INFO 56223 --- [           main] c.t.p.ProductintegrationApplicationTests : No active profile set, falling back to 1 default profile: "default"
2023-12-18T12:24:55.573+05:30  INFO 56223 --- [           main] c.t.p.client.CommercetoolsClient         : Initializing Commercetools Client...
2023-12-18T12:24:55.972+05:30  INFO 56223 --- [           main] c.t.p.client.CommercetoolsClient         : Commercetools Client initialized.
2023-12-18T12:24:56.411+05:30  INFO 56223 --- [           main] c.t.p.ProductintegrationApplicationTests : Started ProductintegrationApplicationTests in 1.955 seconds (process running for 3.433)
]]></system-out>
  </testcase>
</testsuite>